<?xml version="1.0" encoding="UTF-8"?>
<!-- Generated by org.testng.reporters.JUnitXMLReporter -->
<testsuite ignored="1" hostname="Mehamood" failures="1" tests="6" name="Module2" time="0.074" errors="0" timestamp="2021-02-24T23:42:05 IST">
  <testcase classname="basics.Basic3" name="APICarLoan" time="0.006"/>
  <testcase classname="basics.Basic3" name="WebCarLoan" time="0.001"/>
  <testcase classname="basics.Basic3" name="high" time="0.0">
    <failure type="org.testng.TestNGException" message="
Parameter &amp;apos;URL&amp;apos; is required by @Test on method high but has not been marked @Optional or defined
in C:\Users\91866\eclipse-workspace\TestNG\testng.xml">
      <![CDATA[org.testng.TestNGException: 
Parameter 'URL' is required by @Test on method high but has not been marked @Optional or defined
in C:\Users\91866\eclipse-workspace\TestNG\testng.xml
at java.base/java.util.ArrayList.forEach(ArrayList.java:1511)
at java.base/java.util.concurrent.FutureTask.run(FutureTask.java:264)
at java.base/java.util.concurrent.ThreadPoolExecutor.runWorker(ThreadPoolExecutor.java:1130)
at java.base/java.util.concurrent.ThreadPoolExecutor$Worker.run(ThreadPoolExecutor.java:630)
at java.base/java.lang.Thread.run(Thread.java:832)
... Removed 17 stack frames]]>
    </failure>
  </testcase> <!-- high -->
  <testcase classname="basics.Basic4" name="MobileHomeLoan" time="0.002"/>
  <testcase classname="basics.Basic4" name="WebHomeLoan" time="0.002"/>
  <testcase classname="basics.Basic3" name="MobileCarLoan" time="0.0">
    <skipped/>
  </testcase> <!-- MobileCarLoan -->
  <testcase classname="basics.Basic3" name="fish" time="0.0">
    <ignored/>
  </testcase> <!-- fish -->
</testsuite> <!-- Module2 -->
