<?xml version="1.0" encoding="UTF-8"?>
<!-- Generated by org.testng.reporters.JUnitReportReporter -->
<testsuite hostname="Mehamood" failures="0" tests="5" name="basics.Basic3" time="0.007" errors="1" timestamp="2021-02-24T23:42:05 IST" skipped="2">
  <testcase classname="basics.Basic3" name="WebCarLoan" time="0.001"/>
  <system-out/>
  <testcase classname="basics.Basic3" name="MobileCarLoan" time="0.000">
    <skipped/>
  </testcase> <!-- MobileCarLoan -->
  <system-out/>
  <testcase classname="basics.Basic3" name="high" time="0.000">
    <error message="
Parameter &#039;URL&#039; is required by @Test on method high but has not been marked @Optional or defined
in C:\Users\91866\eclipse-workspace\TestNG\testng.xml" type="org.testng.TestNGException">
      <![CDATA[org.testng.TestNGException: 
Parameter 'URL' is required by @Test on method high but has not been marked @Optional or defined
in C:\Users\91866\eclipse-workspace\TestNG\testng.xml
at org.testng.internal.Parameters.createParams(Parameters.java:268)
at org.testng.internal.Parameters.createParametersForMethod(Parameters.java:356)
at org.testng.internal.Parameters.createParameters(Parameters.java:700)
at org.testng.internal.Parameters.handleParameters(Parameters.java:875)
at org.testng.internal.Parameters.handleParameters(Parameters.java:740)
at org.testng.internal.ParameterHandler.handleParameters(ParameterHandler.java:59)
at org.testng.internal.ParameterHandler.createParameters(ParameterHandler.java:38)
at org.testng.internal.TestInvoker$MethodInvocationAgent.invoke(TestInvoker.java:789)
at org.testng.internal.TestInvoker.invokeTestMethods(TestInvoker.java:147)
at org.testng.internal.TestMethodWorker.invokeTestMethods(TestMethodWorker.java:146)
at org.testng.internal.TestMethodWorker.run(TestMethodWorker.java:128)
at java.base/java.util.ArrayList.forEach(ArrayList.java:1511)
at org.testng.TestRunner.privateRun(TestRunner.java:764)
at org.testng.TestRunner.run(TestRunner.java:585)
at org.testng.SuiteRunner.runTest(SuiteRunner.java:384)
at org.testng.SuiteRunner.access$000(SuiteRunner.java:28)
at org.testng.SuiteRunner$SuiteWorker.run(SuiteRunner.java:425)
at org.testng.internal.thread.ThreadUtil.lambda$execute$0(ThreadUtil.java:66)
at java.base/java.util.concurrent.FutureTask.run(FutureTask.java:264)
at java.base/java.util.concurrent.ThreadPoolExecutor.runWorker(ThreadPoolExecutor.java:1130)
at java.base/java.util.concurrent.ThreadPoolExecutor$Worker.run(ThreadPoolExecutor.java:630)
at java.base/java.lang.Thread.run(Thread.java:832)
]]>
    </error>
  </testcase> <!-- high -->
  <system-out/>
  <testcase classname="basics.Basic3" name="APICarLoan" time="0.006"/>
  <system-out/>
  <testcase classname="basics.Basic3" name="fish">
    <skipped/>
  </testcase> <!-- fish -->
  <system-out/>
</testsuite> <!-- basics.Basic3 -->
